D:\RBJ\NOW\TGZDECOMPRESSION\MYPROJECT\TGZMFC\DEBUG\TGZMFC.EXE
D:\RBJ\NOW\TGZDECOMPRESSION\MYPROJECT\TGZMFC\DEBUG\TGZMFC.ILK
D:\RBJ\NOW\TGZDECOMPRESSION\MYPROJECT\TGZMFC\DEBUG\TGZMFC.PDB
D:\rbj\now\tgzDecompression\myproject\tgzMfc\tgzMfc\Debug\cl.command.1.tlog
D:\rbj\now\tgzDecompression\myproject\tgzMfc\tgzMfc\Debug\CL.read.1.tlog
D:\rbj\now\tgzDecompression\myproject\tgzMfc\tgzMfc\Debug\CL.write.1.tlog
D:\rbj\now\tgzDecompression\myproject\tgzMfc\tgzMfc\Debug\link.command.1.tlog
D:\rbj\now\tgzDecompression\myproject\tgzMfc\tgzMfc\Debug\link.read.1.tlog
D:\rbj\now\tgzDecompression\myproject\tgzMfc\tgzMfc\Debug\link.write.1.tlog
D:\rbj\now\tgzDecompression\myproject\tgzMfc\tgzMfc\Debug\link-cvtres.read.1.tlog
D:\rbj\now\tgzDecompression\myproject\tgzMfc\tgzMfc\Debug\link-cvtres.write.1.tlog
D:\rbj\now\tgzDecompression\myproject\tgzMfc\tgzMfc\Debug\mt.command.1.tlog
D:\rbj\now\tgzDecompression\myproject\tgzMfc\tgzMfc\Debug\mt.read.1.tlog
D:\rbj\now\tgzDecompression\myproject\tgzMfc\tgzMfc\Debug\mt.write.1.tlog
D:\rbj\now\tgzDecompression\myproject\tgzMfc\tgzMfc\Debug\rc.command.1.tlog
D:\rbj\now\tgzDecompression\myproject\tgzMfc\tgzMfc\Debug\rc.read.1.tlog
D:\rbj\now\tgzDecompression\myproject\tgzMfc\tgzMfc\Debug\rc.write.1.tlog
D:\RBJ\NOW\TGZDECOMPRESSION\MYPROJECT\TGZMFC\TGZMFC\DEBUG\STDAFX.OBJ
D:\RBJ\NOW\TGZDECOMPRESSION\MYPROJECT\TGZMFC\TGZMFC\DEBUG\TGZMFC.EXE.EMBED.MANIFEST
D:\RBJ\NOW\TGZDECOMPRESSION\MYPROJECT\TGZMFC\TGZMFC\DEBUG\TGZMFC.EXE.EMBED.MANIFEST.RES
D:\RBJ\NOW\TGZDECOMPRESSION\MYPROJECT\TGZMFC\TGZMFC\DEBUG\TGZMFC.EXE.INTERMEDIATE.MANIFEST
D:\RBJ\NOW\TGZDECOMPRESSION\MYPROJECT\TGZMFC\TGZMFC\DEBUG\TGZMFC.OBJ
D:\RBJ\NOW\TGZDECOMPRESSION\MYPROJECT\TGZMFC\TGZMFC\DEBUG\TGZMFC.PCH
D:\RBJ\NOW\TGZDECOMPRESSION\MYPROJECT\TGZMFC\TGZMFC\DEBUG\TGZMFC.RES
D:\rbj\now\tgzDecompression\myproject\tgzMfc\tgzMfc\Debug\tgzMfc_manifest.rc
D:\RBJ\NOW\TGZDECOMPRESSION\MYPROJECT\TGZMFC\TGZMFC\DEBUG\TGZMFCDLG.OBJ
D:\RBJ\NOW\TGZDECOMPRESSION\MYPROJECT\TGZMFC\TGZMFC\DEBUG\UNTGZ.OBJ
D:\rbj\now\tgzDecompression\myproject\tgzMfc\tgzMfc\Debug\vc100.idb
D:\RBJ\NOW\TGZDECOMPRESSION\MYPROJECT\TGZMFC\TGZMFC\DEBUG\VC100.PDB
